{"name": "test_drives[['C']-None]", "status": "failed", "statusDetails": {"message": "AssertionError: assert \"['C']\" == None", "trace": "input_1 = \"['C']\", expected_output = None\n\n    @pytest.mark.parametrize(\"input_1,expected_output\",get_data())\n    def test_drives(input_1,expected_output):\n>       assert input_1 == expected_output\nE       assert \"['C']\" == None\n\nSearchDriveTest.py:13: AssertionError"}, "parameters": [{"name": "input_1", "value": "'['C']'"}, {"name": "expected_output", "value": "None"}], "start": 1678962610122, "stop": 1678962610122, "uuid": "3cc8612a-54ea-4ea7-8e4e-ec294369e03d", "historyId": "f600fc7e1ad7b78f8c7ef15d709f7f7b", "testCaseId": "44dbf306d8736d702153bf24122a52af", "fullName": "SearchDriveTest#test_drives", "labels": [{"name": "suite", "value": "SearchDriveTest"}, {"name": "host", "value": "HCL-TFNW3-32"}, {"name": "thread", "value": "392-MainThread"}, {"name": "framework", "value": "pytest"}, {"name": "language", "value": "cpython3"}, {"name": "package", "value": "SearchDriveTest"}]}